[2020-01-27 16:13:52.777] [exthost] [info] extension host started
[2020-01-27 16:13:53.906] [exthost] [info] extension host started
[2020-01-27 16:13:53.928] [exthost] [info] ExtensionService#_doActivateExtension HookyQR.beautify {"startup":true,"activationEvent":"*"}
[2020-01-27 16:13:53.928] [exthost] [info] ExtensionService#loadCommonJSModule /home/chloe/Workspace/spring-tool-suite-4-4.4.1.RELEASE-e4.13.0-linux.gtk.x86_64/sts-4.4.1.RELEASE/plugins/pack.core.linux_3.6.0.201910290238/HookyQR.beautify-1.4.11/extension
[2020-01-27 16:13:54.046] [exthost] [info] ExtensionService#_doActivateExtension christian-kohler.path-intellisense {"startup":true,"activationEvent":"*"}
[2020-01-27 16:13:54.046] [exthost] [info] ExtensionService#loadCommonJSModule /home/chloe/Workspace/spring-tool-suite-4-4.4.1.RELEASE-e4.13.0-linux.gtk.x86_64/sts-4.4.1.RELEASE/plugins/pack.core.linux_3.6.0.201910290238/christian-kohler.path-intellisense-1.4.2/out/src/extension
[2020-01-27 16:13:54.076] [exthost] [info] ExtensionService#_doActivateExtension dbaeumer.vscode-eslint {"startup":true,"activationEvent":"*"}
[2020-01-27 16:13:54.076] [exthost] [info] ExtensionService#loadCommonJSModule /home/chloe/Workspace/spring-tool-suite-4-4.4.1.RELEASE-e4.13.0-linux.gtk.x86_64/sts-4.4.1.RELEASE/plugins/pack.core.linux_3.6.0.201910290238/dbaeumer.vscode-eslint-1.9.0/client/out/extension
[2020-01-27 16:13:54.179] [exthost] [info] ExtensionService#_doActivateExtension vscode.debug-auto-launch {"startup":true,"activationEvent":"*"}
[2020-01-27 16:13:54.179] [exthost] [info] ExtensionService#loadCommonJSModule /home/chloe/Workspace/spring-tool-suite-4-4.4.1.RELEASE-e4.13.0-linux.gtk.x86_64/sts-4.4.1.RELEASE/plugins/com.genuitec.eclipse.code.engine.app.linux.x86_64_3.6.0.201910290238/engine/resources/app/extensions/debug-auto-launch/dist/extension
[2020-01-27 16:13:54.186] [exthost] [info] ExtensionService#_doActivateExtension vscode.emmet {"startup":true,"activationEvent":"*"}
[2020-01-27 16:13:54.186] [exthost] [info] ExtensionService#loadCommonJSModule /home/chloe/Workspace/spring-tool-suite-4-4.4.1.RELEASE-e4.13.0-linux.gtk.x86_64/sts-4.4.1.RELEASE/plugins/com.genuitec.eclipse.code.engine.app.linux.x86_64_3.6.0.201910290238/engine/resources/app/extensions/emmet/dist/extension
[2020-01-27 16:13:54.229] [exthost] [info] ExtensionService#_doActivateExtension formulahendry.auto-close-tag {"startup":true,"activationEvent":"*"}
[2020-01-27 16:13:54.229] [exthost] [info] ExtensionService#loadCommonJSModule /home/chloe/Workspace/spring-tool-suite-4-4.4.1.RELEASE-e4.13.0-linux.gtk.x86_64/sts-4.4.1.RELEASE/plugins/pack.core.linux_3.6.0.201910290238/formulahendry.auto-close-tag-0.5.6/out/src/extension
[2020-01-27 16:13:54.234] [exthost] [info] ExtensionService#_doActivateExtension vscode.grunt {"startup":false,"activationEvent":"onCommand:workbench.action.tasks.runTask"}
[2020-01-27 16:13:54.234] [exthost] [info] ExtensionService#loadCommonJSModule /home/chloe/Workspace/spring-tool-suite-4-4.4.1.RELEASE-e4.13.0-linux.gtk.x86_64/sts-4.4.1.RELEASE/plugins/com.genuitec.eclipse.code.engine.app.linux.x86_64_3.6.0.201910290238/engine/resources/app/extensions/grunt/dist/main
[2020-01-27 16:13:54.242] [exthost] [info] ExtensionService#_doActivateExtension vscode.gulp {"startup":false,"activationEvent":"onCommand:workbench.action.tasks.runTask"}
[2020-01-27 16:13:54.242] [exthost] [info] ExtensionService#loadCommonJSModule /home/chloe/Workspace/spring-tool-suite-4-4.4.1.RELEASE-e4.13.0-linux.gtk.x86_64/sts-4.4.1.RELEASE/plugins/com.genuitec.eclipse.code.engine.app.linux.x86_64_3.6.0.201910290238/engine/resources/app/extensions/gulp/dist/main
[2020-01-27 16:13:54.250] [exthost] [info] ExtensionService#_doActivateExtension vscode.jake {"startup":false,"activationEvent":"onCommand:workbench.action.tasks.runTask"}
[2020-01-27 16:13:54.250] [exthost] [info] ExtensionService#loadCommonJSModule /home/chloe/Workspace/spring-tool-suite-4-4.4.1.RELEASE-e4.13.0-linux.gtk.x86_64/sts-4.4.1.RELEASE/plugins/com.genuitec.eclipse.code.engine.app.linux.x86_64_3.6.0.201910290238/engine/resources/app/extensions/jake/dist/main
[2020-01-27 16:13:54.258] [exthost] [info] ExtensionService#_doActivateExtension vscode.npm {"startup":false,"activationEvent":"onCommand:workbench.action.tasks.runTask"}
[2020-01-27 16:13:54.258] [exthost] [info] ExtensionService#loadCommonJSModule /home/chloe/Workspace/spring-tool-suite-4-4.4.1.RELEASE-e4.13.0-linux.gtk.x86_64/sts-4.4.1.RELEASE/plugins/com.genuitec.eclipse.code.engine.app.linux.x86_64_3.6.0.201910290238/engine/resources/app/extensions/npm/dist/main
[2020-01-27 16:13:54.303] [exthost] [info] ExtensionService#_doActivateExtension vscode.typescript-language-features {"startup":false,"activationEvent":"onCommand:workbench.action.tasks.runTask"}
[2020-01-27 16:13:54.303] [exthost] [info] ExtensionService#loadCommonJSModule /home/chloe/Workspace/spring-tool-suite-4-4.4.1.RELEASE-e4.13.0-linux.gtk.x86_64/sts-4.4.1.RELEASE/plugins/com.genuitec.eclipse.code.engine.app.linux.x86_64_3.6.0.201910290238/engine/resources/app/extensions/typescript-language-features/dist/extension
[2020-01-27 16:13:54.457] [exthost] [info] eager extensions activated
[2020-01-27 16:18:10.952] [exthost] [info] ExtensionService#_doActivateExtension vscode.configuration-editing {"startup":false,"activationEvent":"onLanguage:jsonc"}
[2020-01-27 16:18:10.952] [exthost] [info] ExtensionService#loadCommonJSModule /home/chloe/Workspace/spring-tool-suite-4-4.4.1.RELEASE-e4.13.0-linux.gtk.x86_64/sts-4.4.1.RELEASE/plugins/com.genuitec.eclipse.code.engine.app.linux.x86_64_3.6.0.201910290238/engine/resources/app/extensions/configuration-editing/dist/extension
[2020-01-27 16:18:10.969] [exthost] [info] ExtensionService#_doActivateExtension vscode.json-language-features {"startup":false,"activationEvent":"onLanguage:jsonc"}
[2020-01-27 16:18:10.969] [exthost] [info] ExtensionService#loadCommonJSModule /home/chloe/Workspace/spring-tool-suite-4-4.4.1.RELEASE-e4.13.0-linux.gtk.x86_64/sts-4.4.1.RELEASE/plugins/com.genuitec.eclipse.code.engine.app.linux.x86_64_3.6.0.201910290238/engine/resources/app/extensions/json-language-features/client/dist/jsonMain
[2020-01-27 16:18:12.398] [exthost] [info] extension host started
[2020-01-27 16:18:12.453] [exthost] [info] ExtensionService#_doActivateExtension HookyQR.beautify {"startup":true,"activationEvent":"*"}
[2020-01-27 16:18:12.453] [exthost] [info] ExtensionService#loadCommonJSModule /home/chloe/Workspace/spring-tool-suite-4-4.4.1.RELEASE-e4.13.0-linux.gtk.x86_64/sts-4.4.1.RELEASE/plugins/pack.core.linux_3.6.0.201910290238/HookyQR.beautify-1.4.11/extension
[2020-01-27 16:18:12.520] [exthost] [info] ExtensionService#_doActivateExtension christian-kohler.path-intellisense {"startup":true,"activationEvent":"*"}
[2020-01-27 16:18:12.520] [exthost] [info] ExtensionService#loadCommonJSModule /home/chloe/Workspace/spring-tool-suite-4-4.4.1.RELEASE-e4.13.0-linux.gtk.x86_64/sts-4.4.1.RELEASE/plugins/pack.core.linux_3.6.0.201910290238/christian-kohler.path-intellisense-1.4.2/out/src/extension
[2020-01-27 16:18:12.544] [exthost] [info] ExtensionService#_doActivateExtension dbaeumer.vscode-eslint {"startup":true,"activationEvent":"*"}
[2020-01-27 16:18:12.545] [exthost] [info] ExtensionService#loadCommonJSModule /home/chloe/Workspace/spring-tool-suite-4-4.4.1.RELEASE-e4.13.0-linux.gtk.x86_64/sts-4.4.1.RELEASE/plugins/pack.core.linux_3.6.0.201910290238/dbaeumer.vscode-eslint-1.9.0/client/out/extension
[2020-01-27 16:18:12.552] [exthost] [info] ExtensionService#_doActivateExtension vscode.debug-auto-launch {"startup":true,"activationEvent":"*"}
[2020-01-27 16:18:12.552] [exthost] [info] ExtensionService#loadCommonJSModule /home/chloe/Workspace/spring-tool-suite-4-4.4.1.RELEASE-e4.13.0-linux.gtk.x86_64/sts-4.4.1.RELEASE/plugins/com.genuitec.eclipse.code.engine.app.linux.x86_64_3.6.0.201910290238/engine/resources/app/extensions/debug-auto-launch/dist/extension
[2020-01-27 16:18:12.554] [exthost] [info] ExtensionService#_doActivateExtension vscode.emmet {"startup":true,"activationEvent":"*"}
[2020-01-27 16:18:12.555] [exthost] [info] ExtensionService#loadCommonJSModule /home/chloe/Workspace/spring-tool-suite-4-4.4.1.RELEASE-e4.13.0-linux.gtk.x86_64/sts-4.4.1.RELEASE/plugins/com.genuitec.eclipse.code.engine.app.linux.x86_64_3.6.0.201910290238/engine/resources/app/extensions/emmet/dist/extension
[2020-01-27 16:18:12.559] [exthost] [info] ExtensionService#_doActivateExtension formulahendry.auto-close-tag {"startup":true,"activationEvent":"*"}
[2020-01-27 16:18:12.559] [exthost] [info] ExtensionService#loadCommonJSModule /home/chloe/Workspace/spring-tool-suite-4-4.4.1.RELEASE-e4.13.0-linux.gtk.x86_64/sts-4.4.1.RELEASE/plugins/pack.core.linux_3.6.0.201910290238/formulahendry.auto-close-tag-0.5.6/out/src/extension
[2020-01-27 16:18:12.562] [exthost] [info] ExtensionService#_doActivateExtension vscode.html-language-features {"startup":false,"activationEvent":"onLanguage:html"}
[2020-01-27 16:18:12.562] [exthost] [info] ExtensionService#loadCommonJSModule /home/chloe/Workspace/spring-tool-suite-4-4.4.1.RELEASE-e4.13.0-linux.gtk.x86_64/sts-4.4.1.RELEASE/plugins/com.genuitec.eclipse.code.engine.app.linux.x86_64_3.6.0.201910290238/engine/resources/app/extensions/html-language-features/client/dist/htmlMain
[2020-01-27 16:18:12.770] [exthost] [info] ExtensionService#_doActivateExtension mkaufman.HTMLHint {"startup":false,"activationEvent":"onLanguage:html"}
[2020-01-27 16:18:12.770] [exthost] [info] ExtensionService#loadCommonJSModule /home/chloe/Workspace/spring-tool-suite-4-4.4.1.RELEASE-e4.13.0-linux.gtk.x86_64/sts-4.4.1.RELEASE/plugins/pack.core.linux_3.6.0.201910290238/mkaufman.HTMLHint-0.6.0/out/extension
[2020-01-27 16:18:12.947] [exthost] [info] ExtensionService#_doActivateExtension vscode.grunt {"startup":false,"activationEvent":"onCommand:workbench.action.tasks.runTask"}
[2020-01-27 16:18:12.947] [exthost] [info] ExtensionService#loadCommonJSModule /home/chloe/Workspace/spring-tool-suite-4-4.4.1.RELEASE-e4.13.0-linux.gtk.x86_64/sts-4.4.1.RELEASE/plugins/com.genuitec.eclipse.code.engine.app.linux.x86_64_3.6.0.201910290238/engine/resources/app/extensions/grunt/dist/main
[2020-01-27 16:18:12.952] [exthost] [info] ExtensionService#_doActivateExtension vscode.gulp {"startup":false,"activationEvent":"onCommand:workbench.action.tasks.runTask"}
[2020-01-27 16:18:12.952] [exthost] [info] ExtensionService#loadCommonJSModule /home/chloe/Workspace/spring-tool-suite-4-4.4.1.RELEASE-e4.13.0-linux.gtk.x86_64/sts-4.4.1.RELEASE/plugins/com.genuitec.eclipse.code.engine.app.linux.x86_64_3.6.0.201910290238/engine/resources/app/extensions/gulp/dist/main
[2020-01-27 16:18:12.955] [exthost] [info] ExtensionService#_doActivateExtension vscode.jake {"startup":false,"activationEvent":"onCommand:workbench.action.tasks.runTask"}
[2020-01-27 16:18:12.955] [exthost] [info] ExtensionService#loadCommonJSModule /home/chloe/Workspace/spring-tool-suite-4-4.4.1.RELEASE-e4.13.0-linux.gtk.x86_64/sts-4.4.1.RELEASE/plugins/com.genuitec.eclipse.code.engine.app.linux.x86_64_3.6.0.201910290238/engine/resources/app/extensions/jake/dist/main
[2020-01-27 16:18:12.958] [exthost] [info] ExtensionService#_doActivateExtension vscode.npm {"startup":false,"activationEvent":"onCommand:workbench.action.tasks.runTask"}
[2020-01-27 16:18:12.958] [exthost] [info] ExtensionService#loadCommonJSModule /home/chloe/Workspace/spring-tool-suite-4-4.4.1.RELEASE-e4.13.0-linux.gtk.x86_64/sts-4.4.1.RELEASE/plugins/com.genuitec.eclipse.code.engine.app.linux.x86_64_3.6.0.201910290238/engine/resources/app/extensions/npm/dist/main
[2020-01-27 16:18:12.968] [exthost] [info] ExtensionService#_doActivateExtension vscode.typescript-language-features {"startup":false,"activationEvent":"onCommand:workbench.action.tasks.runTask"}
[2020-01-27 16:18:12.968] [exthost] [info] ExtensionService#loadCommonJSModule /home/chloe/Workspace/spring-tool-suite-4-4.4.1.RELEASE-e4.13.0-linux.gtk.x86_64/sts-4.4.1.RELEASE/plugins/com.genuitec.eclipse.code.engine.app.linux.x86_64_3.6.0.201910290238/engine/resources/app/extensions/typescript-language-features/dist/extension
[2020-01-27 16:18:12.987] [exthost] [info] ExtensionService#_doActivateExtension vscode.configuration-editing {"startup":false,"activationEvent":"onLanguage:jsonc"}
[2020-01-27 16:18:12.987] [exthost] [info] ExtensionService#loadCommonJSModule /home/chloe/Workspace/spring-tool-suite-4-4.4.1.RELEASE-e4.13.0-linux.gtk.x86_64/sts-4.4.1.RELEASE/plugins/com.genuitec.eclipse.code.engine.app.linux.x86_64_3.6.0.201910290238/engine/resources/app/extensions/configuration-editing/dist/extension
[2020-01-27 16:18:13.006] [exthost] [info] ExtensionService#_doActivateExtension vscode.json-language-features {"startup":false,"activationEvent":"onLanguage:jsonc"}
[2020-01-27 16:18:13.006] [exthost] [info] ExtensionService#loadCommonJSModule /home/chloe/Workspace/spring-tool-suite-4-4.4.1.RELEASE-e4.13.0-linux.gtk.x86_64/sts-4.4.1.RELEASE/plugins/com.genuitec.eclipse.code.engine.app.linux.x86_64_3.6.0.201910290238/engine/resources/app/extensions/json-language-features/client/dist/jsonMain
[2020-01-27 16:18:13.202] [exthost] [info] eager extensions activated
